<?xml version="1.0" encoding="UTF-8"?>
<!-- Generated by org.testng.reporters.JUnitReportReporter -->
<testsuite hostname="Shifanas-MBP" failures="0" tests="1" name="com.accesshq.TestScripts.TripPlanner_SearchTrip" time="9.467" errors="0" timestamp="15 Oct. 2018 08:58:19 GMT" skipped="0">
  <testcase classname="com.accesshq.TestScripts.TripPlanner_SearchTrip" name="TestPlanner_SearchTripTest" time="9.467"/>
</testsuite> <!-- com.accesshq.TestScripts.TripPlanner_SearchTrip -->
